# JRE version: OpenJDK Runtime Environment Temurin-17.0.4+8 (17.0.4+8) (build 17.0.4+8)
# Java VM: OpenJDK 64-Bit Server VM Temurin-17.0.4+8 (17.0.4+8, mixed mode, tiered, compressed oops, compressed class ptrs, g1 gc, windows-amd64)
GC Precious Log:
 CPUs: 16 total, 16 available
 Memory: 16315M
 Large Page Support: Disabled
 NUMA Support: Disabled
 Compressed Oops: Enabled (Zero based)
 Heap Region Size: 2M
 Heap Min Capacity: 8M
 Heap Initial Capacity: 256M
 Heap Max Capacity: 4080M
 Pre-touch: Disabled
 Parallel Workers: 13
 Concurrent Workers: 3
 Concurrent Refinement Workers: 13
 Periodic GC: Disabled
Heap:
 garbage-first heap   total 151552K, used 46065K [0x0000000701000000, 0x0000000800000000)
  region size 2048K, 17 young (34816K), 2 survivors (4096K)
 Metaspace       used 47630K, committed 48000K, reserved 1097728K
  class space    used 6153K, committed 6336K, reserved 1048576K
GC Heap History (20 events):
Event: 0.626 GC heap before
{Heap before GC invocations=0 (full 0):
 garbage-first heap   total 262144K, used 20480K [0x0000000701000000, 0x0000000800000000)
  region size 2048K, 11 young (22528K), 0 survivors (0K)
 Metaspace       used 12492K, committed 12736K, reserved 1064960K
  class space    used 1302K, committed 1408K, reserved 1048576K
}
Event: 0.630 GC heap after
{Heap after GC invocations=1 (full 0):
 garbage-first heap   total 262144K, used 5906K [0x0000000701000000, 0x0000000800000000)
  region size 2048K, 2 young (4096K), 2 survivors (4096K)
 Metaspace       used 12492K, committed 12736K, reserved 1064960K
  class space    used 1302K, committed 1408K, reserved 1048576K
}
Event: 1.235 GC heap before
{Heap before GC invocations=1 (full 0):
 garbage-first heap   total 262144K, used 30482K [0x0000000701000000, 0x0000000800000000)
  region size 2048K, 15 young (30720K), 2 survivors (4096K)
 Metaspace       used 20238K, committed 20480K, reserved 1073152K
  class space    used 2241K, committed 2368K, reserved 1048576K
}
Event: 1.239 GC heap after
{Heap after GC invocations=2 (full 0):
 garbage-first heap   total 262144K, used 8410K [0x0000000701000000, 0x0000000800000000)
  region size 2048K, 2 young (4096K), 2 survivors (4096K)
 Metaspace       used 20238K, committed 20480K, reserved 1073152K
  class space    used 2241K, committed 2368K, reserved 1048576K
}
Event: 1.367 GC heap before
{Heap before GC invocations=2 (full 0):
 garbage-first heap   total 262144K, used 14554K [0x0000000701000000, 0x0000000800000000)
  region size 2048K, 6 young (12288K), 2 survivors (4096K)
 Metaspace       used 21319K, committed 21504K, reserved 1073152K
  class space    used 2399K, committed 2496K, reserved 1048576K
}
Event: 1.370 GC heap after
{Heap after GC invocations=3 (full 0):
 garbage-first heap   total 262144K, used 8787K [0x0000000701000000, 0x0000000800000000)
  region size 2048K, 2 young (4096K), 2 survivors (4096K)
 Metaspace       used 21319K, committed 21504K, reserved 1073152K
  class space    used 2399K, committed 2496K, reserved 1048576K
}
Event: 1.564 GC heap before
{Heap before GC invocations=4 (full 0):
 garbage-first heap   total 40960K, used 27219K [0x0000000701000000, 0x0000000800000000)
  region size 2048K, 12 young (24576K), 2 survivors (4096K)
 Metaspace       used 25935K, committed 26240K, reserved 1073152K
  class space    used 2948K, committed 3072K, reserved 1048576K
}
Event: 1.567 GC heap after
{Heap after GC invocations=5 (full 0):
 garbage-first heap   total 40960K, used 10142K [0x0000000701000000, 0x0000000800000000)
  region size 2048K, 2 young (4096K), 2 survivors (4096K)
 Metaspace       used 25935K, committed 26240K, reserved 1073152K
  class space    used 2948K, committed 3072K, reserved 1048576K
}
Event: 1.730 GC heap before
{Heap before GC invocations=5 (full 0):
 garbage-first heap   total 40960K, used 24478K [0x0000000701000000, 0x0000000800000000)
  region size 2048K, 10 young (20480K), 2 survivors (4096K)
 Metaspace       used 28717K, committed 28992K, reserved 1081344K
  class space    used 3333K, committed 3456K, reserved 1048576K
}
Event: 1.734 GC heap after
{Heap after GC invocations=6 (full 0):
 garbage-first heap   total 40960K, used 11529K [0x0000000701000000, 0x0000000800000000)
  region size 2048K, 2 young (4096K), 2 survivors (4096K)
 Metaspace       used 28717K, committed 28992K, reserved 1081344K
  class space    used 3333K, committed 3456K, reserved 1048576K
}
Event: 2.024 GC heap before
{Heap before GC invocations=6 (full 0):
 garbage-first heap   total 40960K, used 27913K [0x0000000701000000, 0x0000000800000000)
  region size 2048K, 10 young (20480K), 2 survivors (4096K)
 Metaspace       used 30518K, committed 30848K, reserved 1081344K
  class space    used 3546K, committed 3712K, reserved 1048576K
}
Event: 2.027 GC heap after
{Heap after GC invocations=7 (full 0):
 garbage-first heap   total 40960K, used 12405K [0x0000000701000000, 0x0000000800000000)
  region size 2048K, 2 young (4096K), 2 survivors (4096K)
 Metaspace       used 30518K, committed 30848K, reserved 1081344K
  class space    used 3546K, committed 3712K, reserved 1048576K
}
Event: 2.394 GC heap before
{Heap before GC invocations=7 (full 0):
 garbage-first heap   total 40960K, used 28789K [0x0000000701000000, 0x0000000800000000)
  region size 2048K, 10 young (20480K), 2 survivors (4096K)
 Metaspace       used 33325K, committed 33664K, reserved 1081344K
  class space    used 3941K, committed 4096K, reserved 1048576K
}
Event: 2.397 GC heap after
{Heap after GC invocations=8 (full 0):
 garbage-first heap   total 40960K, used 13561K [0x0000000701000000, 0x0000000800000000)
  region size 2048K, 2 young (4096K), 2 survivors (4096K)
 Metaspace       used 33325K, committed 33664K, reserved 1081344K
  class space    used 3941K, committed 4096K, reserved 1048576K
}
Event: 2.616 GC heap before
{Heap before GC invocations=8 (full 0):
 garbage-first heap   total 40960K, used 21753K [0x0000000701000000, 0x0000000800000000)
  region size 2048K, 7 young (14336K), 2 survivors (4096K)
 Metaspace       used 35641K, committed 35968K, reserved 1081344K
  class space    used 4268K, committed 4416K, reserved 1048576K
}
Event: 2.620 GC heap after
{Heap after GC invocations=9 (full 0):
 garbage-first heap   total 40960K, used 14442K [0x0000000701000000, 0x0000000800000000)
  region size 2048K, 2 young (4096K), 2 survivors (4096K)
 Metaspace       used 35641K, committed 35968K, reserved 1081344K
  class space    used 4268K, committed 4416K, reserved 1048576K
}
Event: 2.901 GC heap before
{Heap before GC invocations=10 (full 0):
 garbage-first heap   total 40960K, used 28778K [0x0000000701000000, 0x0000000800000000)
  region size 2048K, 9 young (18432K), 2 survivors (4096K)
 Metaspace       used 38787K, committed 39168K, reserved 1089536K
  class space    used 4775K, committed 4928K, reserved 1048576K
}
Event: 2.905 GC heap after
{Heap after GC invocations=11 (full 0):
 garbage-first heap   total 40960K, used 15963K [0x0000000701000000, 0x0000000800000000)
  region size 2048K, 2 young (4096K), 2 survivors (4096K)
 Metaspace       used 38787K, committed 39168K, reserved 1089536K
  class space    used 4775K, committed 4928K, reserved 1048576K
}
Event: 3.175 GC heap before
{Heap before GC invocations=11 (full 0):
 garbage-first heap   total 40960K, used 30299K [0x0000000701000000, 0x0000000800000000)
  region size 2048K, 9 young (18432K), 2 survivors (4096K)
 Metaspace       used 41689K, committed 42112K, reserved 1089536K
  class space    used 5195K, committed 5376K, reserved 1048576K
}
Event: 3.179 GC heap after
{Heap after GC invocations=12 (full 0):
 garbage-first heap   total 151552K, used 17393K [0x0000000701000000, 0x0000000800000000)
  region size 2048K, 2 young (4096K), 2 survivors (4096K)
 Metaspace       used 41689K, committed 42112K, reserved 1089536K
  class space    used 5195K, committed 5376K, reserved 1048576K
}

